[2025-03-06, 12:11:01] ssh-keygen
Generating public/private rsa key pair.
Enter file in which to save the key (/home/alonso_uni/.ssh/id_rsa):
Enter passphrase (empty for no passphrase): 
Enter same passphrase again:
Your identification has been saved in /home/alonso_uni/.ssh/id_rsa
Your public key has been saved in /home/alonso_uni/.ssh/id_rsa.pub
The key fingerprint is:
SHA256:HXQ1YiXwW0tO3m9z7M1EAn3rvt4HI/r/MPmzpgBftgY alonso_uni@alonso-deb
The key's randomart image is:
+---[RSA 3072]----+
|          o.=o+  |
|         . + + . |
|          . o = .|
|         . . O +.|
|        S..E.o=.o|
|          o = ==.|
|           + ++=*|
|          . o .@*|
|           ..o=*%|
+----[SHA256]-----+
